f:\code\c++workplace\vscode\pedestrian\pedestrianrecognition2.0\pedestrianrecognition\x64\debug\dbutil.obj
f:\code\c++workplace\vscode\pedestrian\pedestrianrecognition2.0\pedestrianrecognition\x64\debug\process.obj
f:\code\c++workplace\vscode\pedestrian\pedestrianrecognition2.0\pedestrianrecognition\x64\debug\vibe.obj
f:\code\c++workplace\vscode\pedestrian\pedestrianrecognition2.0\pedestrianrecognition\x64\debug\moc_process.obj
f:\code\c++workplace\vscode\pedestrian\pedestrianrecognition2.0\pedestrianrecognition\x64\debug\moc_listmodelex.obj
f:\code\c++workplace\vscode\pedestrian\pedestrianrecognition2.0\pedestrianrecognition\x64\debug\main.obj
f:\code\c++workplace\vscode\pedestrian\pedestrianrecognition2.0\pedestrianrecognition\x64\debug\realtimerecognition.obj
f:\code\c++workplace\vscode\pedestrian\pedestrianrecognition2.0\pedestrianrecognition\x64\debug\qrc_pedestrianrecognition.obj
f:\code\c++workplace\vscode\pedestrian\pedestrianrecognition2.0\pedestrianrecognition\x64\debug\moc_pedestrianrecognition.obj
f:\code\c++workplace\vscode\pedestrian\pedestrianrecognition2.0\pedestrianrecognition\x64\debug\moc_snapdatadetail.obj
f:\code\c++workplace\vscode\pedestrian\pedestrianrecognition2.0\pedestrianrecognition\x64\debug\data.obj
f:\code\c++workplace\vscode\pedestrian\pedestrianrecognition2.0\pedestrianrecognition\x64\debug\pedestrianrecognition.obj
f:\code\c++workplace\vscode\pedestrian\pedestrianrecognition2.0\pedestrianrecognition\x64\debug\snapdatadetail.obj
f:\code\c++workplace\vscode\pedestrian\pedestrianrecognition2.0\pedestrianrecognition\x64\debug\moc_snapcard.obj
f:\code\c++workplace\vscode\pedestrian\pedestrianrecognition2.0\pedestrianrecognition\x64\debug\moc_dbutil.obj
f:\code\c++workplace\vscode\pedestrian\pedestrianrecognition2.0\pedestrianrecognition\x64\debug\listmodelex.obj
f:\code\c++workplace\vscode\pedestrian\pedestrianrecognition2.0\pedestrianrecognition\x64\debug\persondata.obj
f:\code\c++workplace\vscode\pedestrian\pedestrianrecognition2.0\pedestrianrecognition\x64\debug\snapcard.obj
f:\code\c++workplace\vscode\pedestrian\pedestrianrecognition2.0\pedestrianrecognition\x64\debug\moc_realtimerecognition.obj
f:\code\c++workplace\vscode\pedestrian\pedestrianrecognition2.0\pedestrianrecognition\x64\debug\moc_persondata.obj
f:\code\c++workplace\vscode\pedestrian\pedestrianrecognition2.0\pedestrianrecognition\x64\debug\vc140.pdb
f:\code\c++workplace\vscode\pedestrian\pedestrianrecognition2.1\pedestrianrecognition\x64\debug\data.obj
f:\code\c++workplace\vscode\pedestrian\pedestrianrecognition2.1\pedestrianrecognition\x64\debug\pedestrianrecognition.obj
f:\code\c++workplace\vscode\pedestrian\pedestrianrecognition2.1\pedestrianrecognition\x64\debug\vibe.obj
f:\code\c++workplace\vscode\pedestrian\pedestrianrecognition2.1\pedestrianrecognition\x64\debug\moc_process.obj
f:\code\c++workplace\vscode\pedestrian\pedestrianrecognition2.1\pedestrianrecognition\x64\debug\moc_listmodelex.obj
f:\code\c++workplace\vscode\pedestrian\pedestrianrecognition2.1\pedestrianrecognition\x64\debug\main.obj
f:\code\c++workplace\vscode\pedestrian\pedestrianrecognition2.1\pedestrianrecognition\x64\debug\realtimerecognition.obj
f:\code\c++workplace\vscode\pedestrian\pedestrianrecognition2.1\pedestrianrecognition\x64\debug\moc_pedestrianrecognition.obj
f:\code\c++workplace\vscode\pedestrian\pedestrianrecognition2.1\pedestrianrecognition\x64\debug\moc_snapdatadetail.obj
f:\code\c++workplace\vscode\pedestrian\pedestrianrecognition2.1\pedestrianrecognition\x64\debug\qrc_pedestrianrecognition.obj
f:\code\c++workplace\vscode\pedestrian\pedestrianrecognition2.1\pedestrianrecognition\x64\debug\dbutil.obj
f:\code\c++workplace\vscode\pedestrian\pedestrianrecognition2.1\pedestrianrecognition\x64\debug\process.obj
f:\code\c++workplace\vscode\pedestrian\pedestrianrecognition2.1\pedestrianrecognition\x64\debug\snapdatadetail.obj
f:\code\c++workplace\vscode\pedestrian\pedestrianrecognition2.1\pedestrianrecognition\x64\debug\moc_snapcard.obj
f:\code\c++workplace\vscode\pedestrian\pedestrianrecognition2.1\pedestrianrecognition\x64\debug\moc_persondata.obj
f:\code\c++workplace\vscode\pedestrian\pedestrianrecognition2.1\pedestrianrecognition\x64\debug\listmodelex.obj
f:\code\c++workplace\vscode\pedestrian\pedestrianrecognition2.1\pedestrianrecognition\x64\debug\persondata.obj
f:\code\c++workplace\vscode\pedestrian\pedestrianrecognition2.1\pedestrianrecognition\x64\debug\snapcard.obj
f:\code\c++workplace\vscode\pedestrian\pedestrianrecognition2.1\pedestrianrecognition\x64\debug\moc_realtimerecognition.obj
f:\code\c++workplace\vscode\pedestrian\pedestrianrecognition2.1\pedestrianrecognition\x64\debug\moc_dbutil.obj
f:\code\c++workplace\vscode\pedestrian\pedestrianrecognition2.1\pedestrianrecognition\x64\debug\vc140.pdb
f:\code\c++workplace\vscode\pedestrian\pedestrianrecognition2.0\x64\debug\pedestrianrecognition.ilk
f:\code\c++workplace\vscode\pedestrian\pedestrianrecognition2.0\x64\debug\pedestrianrecognition.exe
f:\code\c++workplace\vscode\pedestrian\pedestrianrecognition2.0\x64\debug\pedestrianrecognition.pdb
f:\code\c++workplace\vscode\pedestrian\pedestrianrecognition2.1\x64\debug\pedestrianrecognition.ilk
f:\code\c++workplace\vscode\pedestrian\pedestrianrecognition2.1\x64\debug\pedestrianrecognition.exe
f:\code\c++workplace\vscode\pedestrian\pedestrianrecognition2.1\x64\debug\pedestrianrecognition.pdb
f:\code\c++workplace\vscode\pedestrian\pedestrianrecognition2.1\pedestrianrecognition\.\generatedfiles\debug\moc_pedestrianrecognition.cpp
f:\code\c++workplace\vscode\pedestrian\pedestrianrecognition2.1\pedestrianrecognition\.\generatedfiles\debug\moc_realtimerecognition.cpp
f:\code\c++workplace\vscode\pedestrian\pedestrianrecognition2.1\pedestrianrecognition\.\generatedfiles\debug\moc_process.cpp
f:\code\c++workplace\vscode\pedestrian\pedestrianrecognition2.1\pedestrianrecognition\.\generatedfiles\debug\moc_snapcard.cpp
f:\code\c++workplace\vscode\pedestrian\pedestrianrecognition2.1\pedestrianrecognition\.\generatedfiles\debug\moc_snapdatadetail.cpp
f:\code\c++workplace\vscode\pedestrian\pedestrianrecognition2.1\pedestrianrecognition\.\generatedfiles\debug\moc_dbutil.cpp
f:\code\c++workplace\vscode\pedestrian\pedestrianrecognition2.1\pedestrianrecognition\.\generatedfiles\debug\moc_persondata.cpp
f:\code\c++workplace\vscode\pedestrian\pedestrianrecognition2.1\pedestrianrecognition\.\generatedfiles\debug\moc_listmodelex.cpp
f:\code\c++workplace\vscode\pedestrian\pedestrianrecognition2.0\pedestrianrecognition\generatedfiles\ui_pedestrianrecognition.h
f:\code\c++workplace\vscode\pedestrian\pedestrianrecognition2.0\pedestrianrecognition\generatedfiles\ui_persondata.h
f:\code\c++workplace\vscode\pedestrian\pedestrianrecognition2.0\pedestrianrecognition\generatedfiles\ui_realtimerecognition.h
f:\code\c++workplace\vscode\pedestrian\pedestrianrecognition2.0\pedestrianrecognition\generatedfiles\ui_snapcard.h
f:\code\c++workplace\vscode\pedestrian\pedestrianrecognition2.0\pedestrianrecognition\generatedfiles\ui_snapdatadetail.h
f:\code\c++workplace\vscode\pedestrian\pedestrianrecognition2.0\pedestrianrecognition\generatedfiles\qrc_pedestrianrecognition.cpp
f:\code\c++workplace\vscode\pedestrian\pedestrianrecognition2.0\pedestrianrecognition\generatedfiles\debug\moc_pedestrianrecognition.cpp
f:\code\c++workplace\vscode\pedestrian\pedestrianrecognition2.0\pedestrianrecognition\generatedfiles\debug\moc_realtimerecognition.cpp
f:\code\c++workplace\vscode\pedestrian\pedestrianrecognition2.0\pedestrianrecognition\generatedfiles\debug\moc_process.cpp
f:\code\c++workplace\vscode\pedestrian\pedestrianrecognition2.0\pedestrianrecognition\generatedfiles\debug\moc_snapcard.cpp
f:\code\c++workplace\vscode\pedestrian\pedestrianrecognition2.0\pedestrianrecognition\generatedfiles\debug\moc_snapdatadetail.cpp
f:\code\c++workplace\vscode\pedestrian\pedestrianrecognition2.0\pedestrianrecognition\generatedfiles\debug\moc_dbutil.cpp
f:\code\c++workplace\vscode\pedestrian\pedestrianrecognition2.0\pedestrianrecognition\generatedfiles\debug\moc_persondata.cpp
f:\code\c++workplace\vscode\pedestrian\pedestrianrecognition2.0\pedestrianrecognition\generatedfiles\debug\moc_listmodelex.cpp
f:\code\c++workplace\vscode\pedestrian\pedestrianrecognition2.1\pedestrianrecognition\generatedfiles\ui_pedestrianrecognition.h
f:\code\c++workplace\vscode\pedestrian\pedestrianrecognition2.1\pedestrianrecognition\generatedfiles\ui_realtimerecognition.h
f:\code\c++workplace\vscode\pedestrian\pedestrianrecognition2.1\pedestrianrecognition\generatedfiles\ui_snapcard.h
f:\code\c++workplace\vscode\pedestrian\pedestrianrecognition2.1\pedestrianrecognition\generatedfiles\ui_snapdatadetail.h
f:\code\c++workplace\vscode\pedestrian\pedestrianrecognition2.1\pedestrianrecognition\generatedfiles\debug\moc_pedestrianrecognition.cpp
f:\code\c++workplace\vscode\pedestrian\pedestrianrecognition2.1\pedestrianrecognition\generatedfiles\debug\moc_realtimerecognition.cpp
f:\code\c++workplace\vscode\pedestrian\pedestrianrecognition2.1\pedestrianrecognition\generatedfiles\debug\moc_process.cpp
f:\code\c++workplace\vscode\pedestrian\pedestrianrecognition2.1\pedestrianrecognition\generatedfiles\debug\moc_snapcard.cpp
f:\code\c++workplace\vscode\pedestrian\pedestrianrecognition2.1\pedestrianrecognition\generatedfiles\debug\moc_snapdatadetail.cpp
f:\code\c++workplace\vscode\pedestrian\pedestrianrecognition2.1\pedestrianrecognition\generatedfiles\debug\moc_dbutil.cpp
f:\code\c++workplace\vscode\pedestrian\pedestrianrecognition2.1\pedestrianrecognition\generatedfiles\debug\moc_persondata.cpp
f:\code\c++workplace\vscode\pedestrian\pedestrianrecognition2.1\pedestrianrecognition\generatedfiles\debug\moc_listmodelex.cpp
f:\code\c++workplace\vscode\pedestrian\pedestrianrecognition2.1\pedestrianrecognition\generatedfiles\ui_persondata.h
f:\code\c++workplace\vscode\pedestrian\pedestrianrecognition2.1\pedestrianrecognition\generatedfiles\qrc_pedestrianrecognition.cpp
f:\code\c++workplace\vscode\pedestrian\pedestrianrecognition2.1\pedestrianrecognition\.\generatedfiles\qrc_pedestrianrecognition.cpp
f:\code\c++workplace\vscode\pedestrian\pedestrianrecognition2.1\pedestrianrecognition\.\generatedfiles\ui_pedestrianrecognition.h
f:\code\c++workplace\vscode\pedestrian\pedestrianrecognition2.1\pedestrianrecognition\.\generatedfiles\ui_persondata.h
f:\code\c++workplace\vscode\pedestrian\pedestrianrecognition2.1\pedestrianrecognition\.\generatedfiles\ui_realtimerecognition.h
f:\code\c++workplace\vscode\pedestrian\pedestrianrecognition2.1\pedestrianrecognition\.\generatedfiles\ui_snapcard.h
f:\code\c++workplace\vscode\pedestrian\pedestrianrecognition2.1\pedestrianrecognition\.\generatedfiles\ui_snapdatadetail.h
f:\code\c++workplace\vscode\pedestrian\pedestrianrecognition2.1\pedestrianrecognition\x64\debug\pedestri.b12702ad.tlog\cl.command.1.tlog
f:\code\c++workplace\vscode\pedestrian\pedestrianrecognition2.1\pedestrianrecognition\x64\debug\pedestri.b12702ad.tlog\cl.read.1.tlog
f:\code\c++workplace\vscode\pedestrian\pedestrianrecognition2.1\pedestrianrecognition\x64\debug\pedestri.b12702ad.tlog\cl.write.1.tlog
f:\code\c++workplace\vscode\pedestrian\pedestrianrecognition2.1\pedestrianrecognition\x64\debug\pedestri.b12702ad.tlog\link.command.1.tlog
f:\code\c++workplace\vscode\pedestrian\pedestrianrecognition2.1\pedestrianrecognition\x64\debug\pedestri.b12702ad.tlog\link.read.1.tlog
f:\code\c++workplace\vscode\pedestrian\pedestrianrecognition2.1\pedestrianrecognition\x64\debug\pedestri.b12702ad.tlog\link.write.1.tlog
f:\code\c++workplace\vscode\pedestrian\pedestrianrecognition2.1\pedestrianrecognition\x64\debug\pedestri.b12702ad.tlog\moc.read.1u.tlog
f:\code\c++workplace\vscode\pedestrian\pedestrianrecognition2.1\pedestrianrecognition\x64\debug\pedestri.b12702ad.tlog\moc.write.1u.tlog
f:\code\c++workplace\vscode\pedestrian\pedestrianrecognition2.1\pedestrianrecognition\x64\debug\pedestri.b12702ad.tlog\pedestrianrecognition.write.1u.tlog
f:\code\c++workplace\vscode\pedestrian\pedestrianrecognition2.1\pedestrianrecognition\x64\debug\pedestri.b12702ad.tlog\rcc.read.1u.tlog
f:\code\c++workplace\vscode\pedestrian\pedestrianrecognition2.1\pedestrianrecognition\x64\debug\pedestri.b12702ad.tlog\rcc.write.1u.tlog
f:\code\c++workplace\vscode\pedestrian\pedestrianrecognition2.1\pedestrianrecognition\x64\debug\pedestri.b12702ad.tlog\uic.read.1u.tlog
f:\code\c++workplace\vscode\pedestrian\pedestrianrecognition2.1\pedestrianrecognition\x64\debug\pedestri.b12702ad.tlog\uic.write.1u.tlog
